{"/Users/dev/Documents/GitHub/todo-list/src/modules/Todo.js": {"path":"/Users/dev/Documents/GitHub/todo-list/src/modules/Todo.js","statementMap":{"0":{"start":{"line":11,"column":4},"end":{"line":11,"column":32}},"1":{"start":{"line":12,"column":4},"end":{"line":12,"column":36}},"2":{"start":{"line":13,"column":4},"end":{"line":13,"column":24}},"3":{"start":{"line":14,"column":4},"end":{"line":14,"column":23}},"4":{"start":{"line":18,"column":4},"end":{"line":18,"column":23}},"5":{"start":{"line":22,"column":4},"end":{"line":22,"column":29}},"6":{"start":{"line":26,"column":4},"end":{"line":26,"column":27}},"7":{"start":{"line":30,"column":4},"end":{"line":30,"column":22}},"8":{"start":{"line":34,"column":4},"end":{"line":34,"column":23}},"9":{"start":{"line":38,"column":4},"end":{"line":38,"column":30}},"10":{"start":{"line":42,"column":4},"end":{"line":42,"column":28}},"11":{"start":{"line":46,"column":4},"end":{"line":50,"column":6}}},"fnMap":{"0":{"name":"(anonymous_0)","decl":{"start":{"line":10,"column":2},"end":{"line":10,"column":3}},"loc":{"start":{"line":10,"column":45},"end":{"line":15,"column":3}},"line":10},"1":{"name":"(anonymous_1)","decl":{"start":{"line":17,"column":2},"end":{"line":17,"column":3}},"loc":{"start":{"line":17,"column":14},"end":{"line":19,"column":3}},"line":17},"2":{"name":"(anonymous_2)","decl":{"start":{"line":21,"column":2},"end":{"line":21,"column":3}},"loc":{"start":{"line":21,"column":20},"end":{"line":23,"column":3}},"line":21},"3":{"name":"(anonymous_3)","decl":{"start":{"line":25,"column":2},"end":{"line":25,"column":3}},"loc":{"start":{"line":25,"column":18},"end":{"line":27,"column":3}},"line":25},"4":{"name":"(anonymous_4)","decl":{"start":{"line":29,"column":2},"end":{"line":29,"column":3}},"loc":{"start":{"line":29,"column":13},"end":{"line":31,"column":3}},"line":29},"5":{"name":"(anonymous_5)","decl":{"start":{"line":33,"column":2},"end":{"line":33,"column":3}},"loc":{"start":{"line":33,"column":18},"end":{"line":35,"column":3}},"line":33},"6":{"name":"(anonymous_6)","decl":{"start":{"line":37,"column":2},"end":{"line":37,"column":3}},"loc":{"start":{"line":37,"column":25},"end":{"line":39,"column":3}},"line":37},"7":{"name":"(anonymous_7)","decl":{"start":{"line":41,"column":2},"end":{"line":41,"column":3}},"loc":{"start":{"line":41,"column":23},"end":{"line":43,"column":3}},"line":41},"8":{"name":"(anonymous_8)","decl":{"start":{"line":45,"column":2},"end":{"line":45,"column":3}},"loc":{"start":{"line":45,"column":9},"end":{"line":51,"column":3}},"line":45}},"branchMap":{},"s":{"0":2,"1":2,"2":2,"3":2,"4":2,"5":2,"6":0,"7":0,"8":0,"9":0,"10":0,"11":2},"f":{"0":2,"1":2,"2":2,"3":0,"4":0,"5":0,"6":0,"7":0,"8":2},"b":{},"_coverageSchema":"1a1c01bbd47fc00a2c39e90264f33305004495a9","hash":"768dd2098c0ee1699ea7a46974088dad0e71609d"}
,"/Users/dev/Documents/GitHub/todo-list/src/modules/TodoStore.js": {"path":"/Users/dev/Documents/GitHub/todo-list/src/modules/TodoStore.js","statementMap":{"0":{"start":{"line":4,"column":11},"end":{"line":4,"column":13}},"1":{"start":{"line":5,"column":18},"end":{"line":5,"column":22}},"2":{"start":{"line":8,"column":4},"end":{"line":9,"column":43}},"3":{"start":{"line":8,"column":15},"end":{"line":8,"column":42}},"4":{"start":{"line":9,"column":9},"end":{"line":9,"column":43}},"5":{"start":{"line":11,"column":4},"end":{"line":11,"column":17}},"6":{"start":{"line":15,"column":17},"end":{"line":15,"column":57}},"7":{"start":{"line":17,"column":4},"end":{"line":17,"column":22}},"8":{"start":{"line":17,"column":15},"end":{"line":17,"column":22}},"9":{"start":{"line":19,"column":18},"end":{"line":19,"column":34}},"10":{"start":{"line":21,"column":4},"end":{"line":23,"column":6}},"11":{"start":{"line":22,"column":16},"end":{"line":22,"column":70}},"12":{"start":{"line":27,"column":22},"end":{"line":27,"column":54}},"13":{"start":{"line":27,"column":45},"end":{"line":27,"column":53}},"14":{"start":{"line":28,"column":4},"end":{"line":28,"column":72}},"15":{"start":{"line":32,"column":4},"end":{"line":32,"column":23}},"16":{"start":{"line":36,"column":18},"end":{"line":36,"column":69}},"17":{"start":{"line":36,"column":45},"end":{"line":36,"column":68}},"18":{"start":{"line":37,"column":4},"end":{"line":37,"column":31}},"19":{"start":{"line":41,"column":18},"end":{"line":41,"column":53}},"20":{"start":{"line":42,"column":17},"end":{"line":42,"column":52}},"21":{"start":{"line":43,"column":4},"end":{"line":43,"column":27}},"22":{"start":{"line":44,"column":4},"end":{"line":44,"column":19}},"23":{"start":{"line":48,"column":4},"end":{"line":48,"column":19}},"24":{"start":{"line":49,"column":22},"end":{"line":49,"column":72}},"25":{"start":{"line":49,"column":54},"end":{"line":49,"column":71}},"26":{"start":{"line":50,"column":4},"end":{"line":50,"column":30}},"27":{"start":{"line":50,"column":23},"end":{"line":50,"column":30}},"28":{"start":{"line":51,"column":17},"end":{"line":51,"column":39}},"29":{"start":{"line":52,"column":4},"end":{"line":52,"column":22}},"30":{"start":{"line":54,"column":4},"end":{"line":54,"column":34}},"31":{"start":{"line":58,"column":22},"end":{"line":58,"column":72}},"32":{"start":{"line":58,"column":54},"end":{"line":58,"column":71}},"33":{"start":{"line":59,"column":4},"end":{"line":59,"column":30}},"34":{"start":{"line":59,"column":23},"end":{"line":59,"column":30}},"35":{"start":{"line":60,"column":17},"end":{"line":60,"column":39}},"36":{"start":{"line":61,"column":4},"end":{"line":61,"column":27}},"37":{"start":{"line":63,"column":4},"end":{"line":63,"column":34}},"38":{"start":{"line":64,"column":4},"end":{"line":64,"column":19}},"39":{"start":{"line":68,"column":4},"end":{"line":68,"column":66}},"40":{"start":{"line":68,"column":47},"end":{"line":68,"column":64}},"41":{"start":{"line":69,"column":4},"end":{"line":69,"column":19}},"42":{"start":{"line":73,"column":22},"end":{"line":73,"column":72}},"43":{"start":{"line":73,"column":54},"end":{"line":73,"column":71}},"44":{"start":{"line":74,"column":4},"end":{"line":74,"column":30}},"45":{"start":{"line":74,"column":23},"end":{"line":74,"column":30}},"46":{"start":{"line":75,"column":17},"end":{"line":75,"column":39}},"47":{"start":{"line":76,"column":4},"end":{"line":76,"column":35}},"48":{"start":{"line":78,"column":4},"end":{"line":78,"column":34}},"49":{"start":{"line":79,"column":4},"end":{"line":79,"column":19}},"50":{"start":{"line":80,"column":4},"end":{"line":80,"column":19}},"51":{"start":{"line":84,"column":4},"end":{"line":84,"column":64}},"52":{"start":{"line":84,"column":47},"end":{"line":84,"column":62}},"53":{"start":{"line":85,"column":4},"end":{"line":85,"column":19}},"54":{"start":{"line":89,"column":4},"end":{"line":92,"column":7}},"55":{"start":{"line":90,"column":6},"end":{"line":90,"column":24}},"56":{"start":{"line":91,"column":6},"end":{"line":91,"column":18}}},"fnMap":{"0":{"name":"(anonymous_0)","decl":{"start":{"line":7,"column":2},"end":{"line":7,"column":3}},"loc":{"start":{"line":7,"column":28},"end":{"line":12,"column":3}},"line":7},"1":{"name":"(anonymous_1)","decl":{"start":{"line":22,"column":6},"end":{"line":22,"column":7}},"loc":{"start":{"line":22,"column":16},"end":{"line":22,"column":70}},"line":22},"2":{"name":"(anonymous_2)","decl":{"start":{"line":27,"column":38},"end":{"line":27,"column":39}},"loc":{"start":{"line":27,"column":45},"end":{"line":27,"column":53}},"line":27},"3":{"name":"(anonymous_3)","decl":{"start":{"line":31,"column":2},"end":{"line":31,"column":3}},"loc":{"start":{"line":31,"column":10},"end":{"line":33,"column":3}},"line":31},"4":{"name":"(anonymous_4)","decl":{"start":{"line":35,"column":2},"end":{"line":35,"column":3}},"loc":{"start":{"line":35,"column":17},"end":{"line":38,"column":3}},"line":35},"5":{"name":"(anonymous_5)","decl":{"start":{"line":36,"column":35},"end":{"line":36,"column":36}},"loc":{"start":{"line":36,"column":45},"end":{"line":36,"column":68}},"line":36},"6":{"name":"(anonymous_6)","decl":{"start":{"line":40,"column":2},"end":{"line":40,"column":3}},"loc":{"start":{"line":40,"column":19},"end":{"line":45,"column":3}},"line":40},"7":{"name":"(anonymous_7)","decl":{"start":{"line":47,"column":2},"end":{"line":47,"column":3}},"loc":{"start":{"line":47,"column":23},"end":{"line":55,"column":3}},"line":47},"8":{"name":"(anonymous_8)","decl":{"start":{"line":49,"column":44},"end":{"line":49,"column":45}},"loc":{"start":{"line":49,"column":54},"end":{"line":49,"column":71}},"line":49},"9":{"name":"(anonymous_9)","decl":{"start":{"line":57,"column":2},"end":{"line":57,"column":3}},"loc":{"start":{"line":57,"column":25},"end":{"line":65,"column":3}},"line":57},"10":{"name":"(anonymous_10)","decl":{"start":{"line":58,"column":44},"end":{"line":58,"column":45}},"loc":{"start":{"line":58,"column":54},"end":{"line":58,"column":71}},"line":58},"11":{"name":"(anonymous_11)","decl":{"start":{"line":67,"column":2},"end":{"line":67,"column":3}},"loc":{"start":{"line":67,"column":13},"end":{"line":70,"column":3}},"line":67},"12":{"name":"(anonymous_12)","decl":{"start":{"line":68,"column":37},"end":{"line":68,"column":38}},"loc":{"start":{"line":68,"column":47},"end":{"line":68,"column":64}},"line":68},"13":{"name":"(anonymous_13)","decl":{"start":{"line":72,"column":2},"end":{"line":72,"column":3}},"loc":{"start":{"line":72,"column":24},"end":{"line":81,"column":3}},"line":72},"14":{"name":"(anonymous_14)","decl":{"start":{"line":73,"column":44},"end":{"line":73,"column":45}},"loc":{"start":{"line":73,"column":54},"end":{"line":73,"column":71}},"line":73},"15":{"name":"(anonymous_15)","decl":{"start":{"line":83,"column":2},"end":{"line":83,"column":3}},"loc":{"start":{"line":83,"column":19},"end":{"line":86,"column":3}},"line":83},"16":{"name":"(anonymous_16)","decl":{"start":{"line":84,"column":37},"end":{"line":84,"column":38}},"loc":{"start":{"line":84,"column":47},"end":{"line":84,"column":62}},"line":84},"17":{"name":"(anonymous_17)","decl":{"start":{"line":89,"column":34},"end":{"line":89,"column":35}},"loc":{"start":{"line":89,"column":44},"end":{"line":92,"column":5}},"line":89}},"branchMap":{"0":{"loc":{"start":{"line":7,"column":14},"end":{"line":7,"column":26}},"type":"default-arg","locations":[{"start":{"line":7,"column":22},"end":{"line":7,"column":26}}],"line":7},"1":{"loc":{"start":{"line":8,"column":4},"end":{"line":9,"column":43}},"type":"if","locations":[{"start":{"line":8,"column":4},"end":{"line":9,"column":43}},{"start":{"line":9,"column":9},"end":{"line":9,"column":43}}],"line":8},"2":{"loc":{"start":{"line":17,"column":4},"end":{"line":17,"column":22}},"type":"if","locations":[{"start":{"line":17,"column":4},"end":{"line":17,"column":22}},{"start":{},"end":{}}],"line":17},"3":{"loc":{"start":{"line":50,"column":4},"end":{"line":50,"column":30}},"type":"if","locations":[{"start":{"line":50,"column":4},"end":{"line":50,"column":30}},{"start":{},"end":{}}],"line":50},"4":{"loc":{"start":{"line":59,"column":4},"end":{"line":59,"column":30}},"type":"if","locations":[{"start":{"line":59,"column":4},"end":{"line":59,"column":30}},{"start":{},"end":{}}],"line":59},"5":{"loc":{"start":{"line":74,"column":4},"end":{"line":74,"column":30}},"type":"if","locations":[{"start":{"line":74,"column":4},"end":{"line":74,"column":30}},{"start":{},"end":{}}],"line":74}},"s":{"0":2,"1":2,"2":2,"3":2,"4":0,"5":2,"6":2,"7":2,"8":2,"9":0,"10":0,"11":0,"12":3,"13":2,"14":3,"15":3,"16":0,"17":0,"18":0,"19":2,"20":2,"21":2,"22":2,"23":0,"24":0,"25":0,"26":0,"27":0,"28":0,"29":0,"30":0,"31":0,"32":0,"33":0,"34":0,"35":0,"36":0,"37":0,"38":0,"39":1,"40":1,"41":1,"42":0,"43":0,"44":0,"45":0,"46":0,"47":0,"48":0,"49":0,"50":0,"51":0,"52":0,"53":0,"54":0,"55":0,"56":0},"f":{"0":2,"1":0,"2":2,"3":3,"4":0,"5":0,"6":2,"7":0,"8":0,"9":0,"10":0,"11":1,"12":1,"13":0,"14":0,"15":0,"16":0,"17":0},"b":{"0":[0],"1":[2,0],"2":[2,0],"3":[0,0],"4":[0,0],"5":[0,0]},"_coverageSchema":"1a1c01bbd47fc00a2c39e90264f33305004495a9","hash":"378b47184dce11efa1b1d936b43518d1b73a281a"}
}
